[2025-09-12T07:15:51.162+0000] {local_task_job_runner.py:120} INFO - ::group::Pre task execution logs
[2025-09-12T07:15:51.251+0000] {taskinstance.py:2076} INFO - Dependencies all met for dep_context=non-requeueable deps ti=<TaskInstance: simple_hourly_predictions.check_system scheduled__2025-09-12T05:00:00+00:00 [queued]>
[2025-09-12T07:15:51.268+0000] {taskinstance.py:2076} INFO - Dependencies all met for dep_context=requeueable deps ti=<TaskInstance: simple_hourly_predictions.check_system scheduled__2025-09-12T05:00:00+00:00 [queued]>
[2025-09-12T07:15:51.270+0000] {taskinstance.py:2306} INFO - Starting attempt 1 of 3
[2025-09-12T07:15:51.305+0000] {taskinstance.py:2330} INFO - Executing <Task(PythonOperator): check_system> on 2025-09-12 05:00:00+00:00
[2025-09-12T07:15:51.351+0000] {logging_mixin.py:188} WARNING - /home/***/.local/lib/python3.12/site-packages/***/task/task_runner/standard_task_runner.py:62 DeprecationWarning: This process (pid=204) is multi-threaded, use of fork() may lead to deadlocks in the child.
[2025-09-12T07:15:51.361+0000] {standard_task_runner.py:64} INFO - Started process 233 to run task
[2025-09-12T07:15:51.346+0000] {standard_task_runner.py:90} INFO - Running: ['***', 'tasks', 'run', 'simple_hourly_predictions', 'check_system', 'scheduled__2025-09-12T05:00:00+00:00', '--job-id', '57', '--raw', '--subdir', 'DAGS_FOLDER/prediction_dag.py', '--cfg-path', '/tmp/tmpm093l6wd']
[2025-09-12T07:15:51.370+0000] {standard_task_runner.py:91} INFO - Job 57: Subtask check_system
[2025-09-12T07:15:51.605+0000] {task_command.py:426} INFO - Running <TaskInstance: simple_hourly_predictions.check_system scheduled__2025-09-12T05:00:00+00:00 [running]> on host 2058836b81fe
[2025-09-12T07:15:53.367+0000] {taskinstance.py:2648} INFO - Exporting env vars: AIRFLOW_CTX_DAG_OWNER='ops-team' AIRFLOW_CTX_DAG_ID='simple_hourly_predictions' AIRFLOW_CTX_TASK_ID='check_system' AIRFLOW_CTX_EXECUTION_DATE='2025-09-12T05:00:00+00:00' AIRFLOW_CTX_TRY_NUMBER='1' AIRFLOW_CTX_DAG_RUN_ID='scheduled__2025-09-12T05:00:00+00:00'
[2025-09-12T07:15:53.382+0000] {taskinstance.py:430} INFO - ::endgroup::
[2025-09-12T07:15:53.459+0000] {logging_mixin.py:188} INFO - 🔍 Quick system check...
[2025-09-12T07:15:53.471+0000] {logging_mixin.py:188} INFO - ✅ Disk space OK: 924.6GB
[2025-09-12T07:15:53.502+0000] {logging_mixin.py:188} INFO - ⚠️ API not reachable
[2025-09-12T07:15:53.505+0000] {python.py:237} INFO - Done. Returned value was: system_checked
[2025-09-12T07:15:53.518+0000] {taskinstance.py:441} INFO - ::group::Post task execution logs
[2025-09-12T07:15:53.791+0000] {taskinstance.py:1206} INFO - Marking task as SUCCESS. dag_id=simple_hourly_predictions, task_id=check_system, run_id=scheduled__2025-09-12T05:00:00+00:00, execution_date=20250912T050000, start_date=20250912T071551, end_date=20250912T071553
[2025-09-12T07:15:54.134+0000] {local_task_job_runner.py:243} INFO - Task exited with return code 0
[2025-09-12T07:15:54.312+0000] {taskinstance.py:3503} INFO - 1 downstream tasks scheduled from follow-on schedule check
[2025-09-12T07:15:54.525+0000] {local_task_job_runner.py:222} INFO - ::endgroup::
