[2025-09-12T08:00:02.905+0000] {local_task_job_runner.py:120} INFO - ::group::Pre task execution logs
[2025-09-12T08:00:02.965+0000] {taskinstance.py:2076} INFO - Dependencies all met for dep_context=non-requeueable deps ti=<TaskInstance: simple_daily_monitoring.check_model scheduled__2025-09-11T08:00:00+00:00 [queued]>
[2025-09-12T08:00:02.996+0000] {taskinstance.py:2076} INFO - Dependencies all met for dep_context=requeueable deps ti=<TaskInstance: simple_daily_monitoring.check_model scheduled__2025-09-11T08:00:00+00:00 [queued]>
[2025-09-12T08:00:02.998+0000] {taskinstance.py:2306} INFO - Starting attempt 1 of 2
[2025-09-12T08:00:03.036+0000] {taskinstance.py:2330} INFO - Executing <Task(PythonOperator): check_model> on 2025-09-11 08:00:00+00:00
[2025-09-12T08:00:03.056+0000] {standard_task_runner.py:90} INFO - Running: ['***', 'tasks', 'run', 'simple_daily_monitoring', 'check_model', 'scheduled__2025-09-11T08:00:00+00:00', '--job-id', '65', '--raw', '--subdir', 'DAGS_FOLDER/monitor_dag.py', '--cfg-path', '/tmp/tmpo762kjdf']
[2025-09-12T08:00:03.071+0000] {standard_task_runner.py:91} INFO - Job 65: Subtask check_model
[2025-09-12T08:00:03.075+0000] {logging_mixin.py:188} WARNING - /home/***/.local/lib/python3.12/site-packages/***/task/task_runner/standard_task_runner.py:62 DeprecationWarning: This process (pid=3243) is multi-threaded, use of fork() may lead to deadlocks in the child.
[2025-09-12T08:00:03.077+0000] {standard_task_runner.py:64} INFO - Started process 3250 to run task
[2025-09-12T08:00:03.226+0000] {task_command.py:426} INFO - Running <TaskInstance: simple_daily_monitoring.check_model scheduled__2025-09-11T08:00:00+00:00 [running]> on host 2058836b81fe
[2025-09-12T08:00:03.363+0000] {taskinstance.py:2648} INFO - Exporting env vars: AIRFLOW_CTX_DAG_OWNER='ops-team' AIRFLOW_CTX_DAG_ID='simple_daily_monitoring' AIRFLOW_CTX_TASK_ID='check_model' AIRFLOW_CTX_EXECUTION_DATE='2025-09-11T08:00:00+00:00' AIRFLOW_CTX_TRY_NUMBER='1' AIRFLOW_CTX_DAG_RUN_ID='scheduled__2025-09-11T08:00:00+00:00'
[2025-09-12T08:00:03.365+0000] {taskinstance.py:430} INFO - ::endgroup::
[2025-09-12T08:00:03.386+0000] {logging_mixin.py:188} INFO - 🤖 Checking model health...
[2025-09-12T08:00:03.390+0000] {logging_mixin.py:188} INFO - ✅ Model is 0 days old
[2025-09-12T08:00:03.391+0000] {python.py:237} INFO - Done. Returned value was: model_ok
[2025-09-12T08:00:03.391+0000] {taskinstance.py:441} INFO - ::group::Post task execution logs
[2025-09-12T08:00:03.829+0000] {taskinstance.py:1206} INFO - Marking task as SUCCESS. dag_id=simple_daily_monitoring, task_id=check_model, run_id=scheduled__2025-09-11T08:00:00+00:00, execution_date=20250911T080000, start_date=20250912T080002, end_date=20250912T080003
[2025-09-12T08:00:03.879+0000] {local_task_job_runner.py:243} INFO - Task exited with return code 0
[2025-09-12T08:00:03.918+0000] {taskinstance.py:3503} INFO - 0 downstream tasks scheduled from follow-on schedule check
[2025-09-12T08:00:03.922+0000] {local_task_job_runner.py:222} INFO - ::endgroup::
