[2025-09-12T07:46:23.236+0000] {local_task_job_runner.py:120} INFO - ::group::Pre task execution logs
[2025-09-12T07:46:23.298+0000] {taskinstance.py:2076} INFO - Dependencies all met for dep_context=non-requeueable deps ti=<TaskInstance: simple_monthly_training.backup_model manual__2025-09-12T06:57:20.980590+00:00 [queued]>
[2025-09-12T07:46:23.306+0000] {taskinstance.py:2076} INFO - Dependencies all met for dep_context=requeueable deps ti=<TaskInstance: simple_monthly_training.backup_model manual__2025-09-12T06:57:20.980590+00:00 [queued]>
[2025-09-12T07:46:23.307+0000] {taskinstance.py:2306} INFO - Starting attempt 2 of 2
[2025-09-12T07:46:23.324+0000] {taskinstance.py:2330} INFO - Executing <Task(PythonOperator): backup_model> on 2025-09-12 06:57:20.980590+00:00
[2025-09-12T07:46:23.348+0000] {standard_task_runner.py:90} INFO - Running: ['***', 'tasks', 'run', 'simple_monthly_training', 'backup_model', 'manual__2025-09-12T06:57:20.980590+00:00', '--job-id', '63', '--raw', '--subdir', 'DAGS_FOLDER/train_model_dag.py', '--cfg-path', '/tmp/tmphpkqnj1f']
[2025-09-12T07:46:23.351+0000] {standard_task_runner.py:91} INFO - Job 63: Subtask backup_model
[2025-09-12T07:46:23.352+0000] {logging_mixin.py:188} WARNING - /home/***/.local/lib/python3.12/site-packages/***/task/task_runner/standard_task_runner.py:62 DeprecationWarning: This process (pid=1672) is multi-threaded, use of fork() may lead to deadlocks in the child.
[2025-09-12T07:46:23.353+0000] {standard_task_runner.py:64} INFO - Started process 1684 to run task
[2025-09-12T07:46:23.430+0000] {task_command.py:426} INFO - Running <TaskInstance: simple_monthly_training.backup_model manual__2025-09-12T06:57:20.980590+00:00 [running]> on host 2058836b81fe
[2025-09-12T07:46:23.546+0000] {taskinstance.py:2648} INFO - Exporting env vars: AIRFLOW_CTX_DAG_OWNER='ml-team' AIRFLOW_CTX_DAG_ID='simple_monthly_training' AIRFLOW_CTX_TASK_ID='backup_model' AIRFLOW_CTX_EXECUTION_DATE='2025-09-12T06:57:20.980590+00:00' AIRFLOW_CTX_TRY_NUMBER='2' AIRFLOW_CTX_DAG_RUN_ID='manual__2025-09-12T06:57:20.980590+00:00'
[2025-09-12T07:46:23.551+0000] {taskinstance.py:430} INFO - ::endgroup::
[2025-09-12T07:46:23.574+0000] {logging_mixin.py:188} INFO - 💾 Backing up old model...
[2025-09-12T07:46:23.605+0000] {logging_mixin.py:188} INFO - ✅ Model backed up
[2025-09-12T07:46:23.606+0000] {python.py:237} INFO - Done. Returned value was: None
[2025-09-12T07:46:23.607+0000] {taskinstance.py:441} INFO - ::group::Post task execution logs
[2025-09-12T07:46:23.618+0000] {taskinstance.py:1206} INFO - Marking task as SUCCESS. dag_id=simple_monthly_training, task_id=backup_model, run_id=manual__2025-09-12T06:57:20.980590+00:00, execution_date=20250912T065720, start_date=20250912T074623, end_date=20250912T074623
[2025-09-12T07:46:23.689+0000] {local_task_job_runner.py:243} INFO - Task exited with return code 0
[2025-09-12T07:46:23.720+0000] {taskinstance.py:3503} INFO - 1 downstream tasks scheduled from follow-on schedule check
[2025-09-12T07:46:23.723+0000] {local_task_job_runner.py:222} INFO - ::endgroup::
