[2025-09-11T10:15:15.562+0000] {local_task_job_runner.py:120} INFO - ::group::Pre task execution logs
[2025-09-11T10:15:15.655+0000] {taskinstance.py:2076} INFO - Dependencies all met for dep_context=non-requeueable deps ti=<TaskInstance: simple_monthly_training.backup_model manual__2025-09-11T10:15:03.425119+00:00 [queued]>
[2025-09-11T10:15:15.671+0000] {taskinstance.py:2076} INFO - Dependencies all met for dep_context=requeueable deps ti=<TaskInstance: simple_monthly_training.backup_model manual__2025-09-11T10:15:03.425119+00:00 [queued]>
[2025-09-11T10:15:15.673+0000] {taskinstance.py:2306} INFO - Starting attempt 1 of 2
[2025-09-11T10:15:15.703+0000] {taskinstance.py:2330} INFO - Executing <Task(PythonOperator): backup_model> on 2025-09-11 10:15:03.425119+00:00
[2025-09-11T10:15:15.738+0000] {standard_task_runner.py:90} INFO - Running: ['***', 'tasks', 'run', 'simple_monthly_training', 'backup_model', 'manual__2025-09-11T10:15:03.425119+00:00', '--job-id', '36', '--raw', '--subdir', 'DAGS_FOLDER/train_model_dag.py', '--cfg-path', '/tmp/tmpy0z6_4bj']
[2025-09-11T10:15:15.741+0000] {standard_task_runner.py:91} INFO - Job 36: Subtask backup_model
[2025-09-11T10:15:15.743+0000] {logging_mixin.py:188} WARNING - /home/***/.local/lib/python3.12/site-packages/***/task/task_runner/standard_task_runner.py:62 DeprecationWarning: This process (pid=833) is multi-threaded, use of fork() may lead to deadlocks in the child.
[2025-09-11T10:15:15.745+0000] {standard_task_runner.py:64} INFO - Started process 844 to run task
[2025-09-11T10:15:15.866+0000] {task_command.py:426} INFO - Running <TaskInstance: simple_monthly_training.backup_model manual__2025-09-11T10:15:03.425119+00:00 [running]> on host 94617eeb311b
[2025-09-11T10:15:16.013+0000] {taskinstance.py:2648} INFO - Exporting env vars: AIRFLOW_CTX_DAG_OWNER='ml-team' AIRFLOW_CTX_DAG_ID='simple_monthly_training' AIRFLOW_CTX_TASK_ID='backup_model' AIRFLOW_CTX_EXECUTION_DATE='2025-09-11T10:15:03.425119+00:00' AIRFLOW_CTX_TRY_NUMBER='1' AIRFLOW_CTX_DAG_RUN_ID='manual__2025-09-11T10:15:03.425119+00:00'
[2025-09-11T10:15:16.017+0000] {taskinstance.py:430} INFO - ::endgroup::
[2025-09-11T10:15:16.056+0000] {logging_mixin.py:188} INFO - 💾 Backing up old model...
[2025-09-11T10:15:16.089+0000] {logging_mixin.py:188} INFO - ✅ Model backed up
[2025-09-11T10:15:16.090+0000] {python.py:237} INFO - Done. Returned value was: None
[2025-09-11T10:15:16.094+0000] {taskinstance.py:441} INFO - ::group::Post task execution logs
[2025-09-11T10:15:16.111+0000] {taskinstance.py:1206} INFO - Marking task as SUCCESS. dag_id=simple_monthly_training, task_id=backup_model, run_id=manual__2025-09-11T10:15:03.425119+00:00, execution_date=20250911T101503, start_date=20250911T101515, end_date=20250911T101516
[2025-09-11T10:15:16.164+0000] {local_task_job_runner.py:243} INFO - Task exited with return code 0
[2025-09-11T10:15:16.205+0000] {taskinstance.py:3503} INFO - 1 downstream tasks scheduled from follow-on schedule check
[2025-09-11T10:15:16.208+0000] {local_task_job_runner.py:222} INFO - ::endgroup::
