[2025-09-12T05:38:35.695+0000] {local_task_job_runner.py:120} INFO - ::group::Pre task execution logs
[2025-09-12T05:38:35.886+0000] {taskinstance.py:2076} INFO - Dependencies all met for dep_context=non-requeueable deps ti=<TaskInstance: simple_hourly_predictions.check_system scheduled__2025-09-12T04:00:00+00:00 [queued]>
[2025-09-12T05:38:35.948+0000] {taskinstance.py:2076} INFO - Dependencies all met for dep_context=requeueable deps ti=<TaskInstance: simple_hourly_predictions.check_system scheduled__2025-09-12T04:00:00+00:00 [queued]>
[2025-09-12T05:38:35.954+0000] {taskinstance.py:2306} INFO - Starting attempt 1 of 3
[2025-09-12T05:38:36.054+0000] {taskinstance.py:2330} INFO - Executing <Task(PythonOperator): check_system> on 2025-09-12 04:00:00+00:00
[2025-09-12T05:38:36.136+0000] {standard_task_runner.py:90} INFO - Running: ['***', 'tasks', 'run', 'simple_hourly_predictions', 'check_system', 'scheduled__2025-09-12T04:00:00+00:00', '--job-id', '48', '--raw', '--subdir', 'DAGS_FOLDER/prediction_dag.py', '--cfg-path', '/tmp/tmpkmd920if']
[2025-09-12T05:38:36.147+0000] {standard_task_runner.py:91} INFO - Job 48: Subtask check_system
[2025-09-12T05:38:36.152+0000] {logging_mixin.py:188} WARNING - /home/***/.local/lib/python3.12/site-packages/***/task/task_runner/standard_task_runner.py:62 DeprecationWarning: This process (pid=1087) is multi-threaded, use of fork() may lead to deadlocks in the child.
[2025-09-12T05:38:36.194+0000] {standard_task_runner.py:64} INFO - Started process 1105 to run task
[2025-09-12T05:38:36.726+0000] {task_command.py:426} INFO - Running <TaskInstance: simple_hourly_predictions.check_system scheduled__2025-09-12T04:00:00+00:00 [running]> on host c556a26b394a
[2025-09-12T05:38:37.548+0000] {taskinstance.py:2648} INFO - Exporting env vars: AIRFLOW_CTX_DAG_OWNER='ops-team' AIRFLOW_CTX_DAG_ID='simple_hourly_predictions' AIRFLOW_CTX_TASK_ID='check_system' AIRFLOW_CTX_EXECUTION_DATE='2025-09-12T04:00:00+00:00' AIRFLOW_CTX_TRY_NUMBER='1' AIRFLOW_CTX_DAG_RUN_ID='scheduled__2025-09-12T04:00:00+00:00'
[2025-09-12T05:38:37.607+0000] {taskinstance.py:430} INFO - ::endgroup::
[2025-09-12T05:38:37.722+0000] {logging_mixin.py:188} INFO - 🔍 Quick system check...
[2025-09-12T05:38:37.729+0000] {logging_mixin.py:188} INFO - ✅ Disk space OK: 926.0GB
[2025-09-12T05:38:37.761+0000] {logging_mixin.py:188} INFO - ⚠️ API not reachable
[2025-09-12T05:38:37.762+0000] {python.py:237} INFO - Done. Returned value was: system_checked
[2025-09-12T05:38:37.767+0000] {taskinstance.py:441} INFO - ::group::Post task execution logs
[2025-09-12T05:38:39.197+0000] {taskinstance.py:1206} INFO - Marking task as SUCCESS. dag_id=simple_hourly_predictions, task_id=check_system, run_id=scheduled__2025-09-12T04:00:00+00:00, execution_date=20250912T040000, start_date=20250912T053835, end_date=20250912T053839
[2025-09-12T05:38:39.564+0000] {local_task_job_runner.py:243} INFO - Task exited with return code 0
[2025-09-12T05:38:39.737+0000] {taskinstance.py:3503} INFO - 1 downstream tasks scheduled from follow-on schedule check
[2025-09-12T05:38:39.806+0000] {local_task_job_runner.py:222} INFO - ::endgroup::
