[2025-09-11T06:54:53.591+0000] {local_task_job_runner.py:120} INFO - ::group::Pre task execution logs
[2025-09-11T06:54:53.693+0000] {taskinstance.py:2076} INFO - Dependencies all met for dep_context=non-requeueable deps ti=<TaskInstance: simple_hourly_predictions.check_system manual__2025-09-11T06:54:51.217006+00:00 [queued]>
[2025-09-11T06:54:53.719+0000] {taskinstance.py:2076} INFO - Dependencies all met for dep_context=requeueable deps ti=<TaskInstance: simple_hourly_predictions.check_system manual__2025-09-11T06:54:51.217006+00:00 [queued]>
[2025-09-11T06:54:53.721+0000] {taskinstance.py:2306} INFO - Starting attempt 1 of 3
[2025-09-11T06:54:53.771+0000] {taskinstance.py:2330} INFO - Executing <Task(PythonOperator): check_system> on 2025-09-11 06:54:51.217006+00:00
[2025-09-11T06:54:53.792+0000] {standard_task_runner.py:90} INFO - Running: ['***', 'tasks', 'run', 'simple_hourly_predictions', 'check_system', 'manual__2025-09-11T06:54:51.217006+00:00', '--job-id', '14', '--raw', '--subdir', 'DAGS_FOLDER/prediction_dag.py', '--cfg-path', '/tmp/tmp_mkfkcd3']
[2025-09-11T06:54:53.809+0000] {standard_task_runner.py:91} INFO - Job 14: Subtask check_system
[2025-09-11T06:54:53.826+0000] {logging_mixin.py:188} WARNING - /home/***/.local/lib/python3.12/site-packages/***/task/task_runner/standard_task_runner.py:62 DeprecationWarning: This process (pid=505) is multi-threaded, use of fork() may lead to deadlocks in the child.
[2025-09-11T06:54:53.828+0000] {standard_task_runner.py:64} INFO - Started process 513 to run task
[2025-09-11T06:54:54.063+0000] {task_command.py:426} INFO - Running <TaskInstance: simple_hourly_predictions.check_system manual__2025-09-11T06:54:51.217006+00:00 [running]> on host 02ae08abed04
[2025-09-11T06:54:54.407+0000] {taskinstance.py:2648} INFO - Exporting env vars: AIRFLOW_CTX_DAG_OWNER='ops-team' AIRFLOW_CTX_DAG_ID='simple_hourly_predictions' AIRFLOW_CTX_TASK_ID='check_system' AIRFLOW_CTX_EXECUTION_DATE='2025-09-11T06:54:51.217006+00:00' AIRFLOW_CTX_TRY_NUMBER='1' AIRFLOW_CTX_DAG_RUN_ID='manual__2025-09-11T06:54:51.217006+00:00'
[2025-09-11T06:54:54.426+0000] {taskinstance.py:430} INFO - ::endgroup::
[2025-09-11T06:54:54.504+0000] {logging_mixin.py:188} INFO - 🔍 Quick system check...
[2025-09-11T06:54:54.515+0000] {logging_mixin.py:188} INFO - ✅ Disk space OK: 933.9GB
[2025-09-11T06:54:54.558+0000] {logging_mixin.py:188} INFO - ⚠️ API not reachable
[2025-09-11T06:54:54.560+0000] {python.py:237} INFO - Done. Returned value was: system_checked
[2025-09-11T06:54:54.561+0000] {taskinstance.py:441} INFO - ::group::Post task execution logs
[2025-09-11T06:54:54.647+0000] {taskinstance.py:1206} INFO - Marking task as SUCCESS. dag_id=simple_hourly_predictions, task_id=check_system, run_id=manual__2025-09-11T06:54:51.217006+00:00, execution_date=20250911T065451, start_date=20250911T065453, end_date=20250911T065454
[2025-09-11T06:54:55.147+0000] {local_task_job_runner.py:243} INFO - Task exited with return code 0
[2025-09-11T06:54:55.185+0000] {taskinstance.py:3503} INFO - 1 downstream tasks scheduled from follow-on schedule check
[2025-09-11T06:54:55.192+0000] {local_task_job_runner.py:222} INFO - ::endgroup::
