[2025-09-12T07:15:57.388+0000] {local_task_job_runner.py:120} INFO - ::group::Pre task execution logs
[2025-09-12T07:15:57.465+0000] {taskinstance.py:2076} INFO - Dependencies all met for dep_context=non-requeueable deps ti=<TaskInstance: simple_hourly_predictions.make_prediction manual__2025-09-12T06:51:45.475730+00:00 [queued]>
[2025-09-12T07:15:57.488+0000] {taskinstance.py:2076} INFO - Dependencies all met for dep_context=requeueable deps ti=<TaskInstance: simple_hourly_predictions.make_prediction manual__2025-09-12T06:51:45.475730+00:00 [queued]>
[2025-09-12T07:15:57.490+0000] {taskinstance.py:2306} INFO - Starting attempt 1 of 3
[2025-09-12T07:15:57.520+0000] {taskinstance.py:2330} INFO - Executing <Task(PythonOperator): make_prediction> on 2025-09-12 06:51:45.475730+00:00
[2025-09-12T07:15:57.553+0000] {logging_mixin.py:188} WARNING - /home/***/.local/lib/python3.12/site-packages/***/task/task_runner/standard_task_runner.py:62 DeprecationWarning: This process (pid=242) is multi-threaded, use of fork() may lead to deadlocks in the child.
[2025-09-12T07:15:57.557+0000] {standard_task_runner.py:64} INFO - Started process 250 to run task
[2025-09-12T07:15:57.551+0000] {standard_task_runner.py:90} INFO - Running: ['***', 'tasks', 'run', 'simple_hourly_predictions', 'make_prediction', 'manual__2025-09-12T06:51:45.475730+00:00', '--job-id', '59', '--raw', '--subdir', 'DAGS_FOLDER/prediction_dag.py', '--cfg-path', '/tmp/tmpd9nu0bcv']
[2025-09-12T07:15:57.560+0000] {standard_task_runner.py:91} INFO - Job 59: Subtask make_prediction
[2025-09-12T07:15:57.858+0000] {task_command.py:426} INFO - Running <TaskInstance: simple_hourly_predictions.make_prediction manual__2025-09-12T06:51:45.475730+00:00 [running]> on host 2058836b81fe
[2025-09-12T07:15:58.225+0000] {taskinstance.py:2648} INFO - Exporting env vars: AIRFLOW_CTX_DAG_OWNER='ops-team' AIRFLOW_CTX_DAG_ID='simple_hourly_predictions' AIRFLOW_CTX_TASK_ID='make_prediction' AIRFLOW_CTX_EXECUTION_DATE='2025-09-12T06:51:45.475730+00:00' AIRFLOW_CTX_TRY_NUMBER='1' AIRFLOW_CTX_DAG_RUN_ID='manual__2025-09-12T06:51:45.475730+00:00'
[2025-09-12T07:15:58.231+0000] {taskinstance.py:430} INFO - ::endgroup::
[2025-09-12T07:15:58.275+0000] {logging_mixin.py:188} INFO - 🔮 Making delay prediction...
[2025-09-12T07:18:40.104+0000] {logging_mixin.py:188} INFO - Starting preprocessing...
[2025-09-12T07:18:40.117+0000] {logging_mixin.py:188} INFO - Original data shape: (1016, 23)
[2025-09-12T07:18:40.119+0000] {logging_mixin.py:188} INFO - Delay instances: 194/1016 (19.1%)
[2025-09-12T07:18:40.130+0000] {logging_mixin.py:188} INFO - After resampling: (36, 5)
[2025-09-12T07:18:40.143+0000] {logging_mixin.py:188} INFO - After feature engineering: (36, 27)
[2025-09-12T07:18:40.144+0000] {logging_mixin.py:188} INFO - Target distribution: {1: 33, 0: 3}
[2025-09-12T07:18:40.145+0000] {logging_mixin.py:188} INFO - Target balance: 91.7% positive class
[2025-09-12T07:18:40.147+0000] {logging_mixin.py:188} INFO - NaN values remaining: 21
[2025-09-12T07:18:40.148+0000] {logging_mixin.py:188} INFO - Preprocessing complete.
[2025-09-12T07:18:40.191+0000] {logging_mixin.py:188} INFO - train data                       Delay_Detected  response_time  ...  future_delay  target
timestamp                                           ...                      
2025-05-22 07:20:00               1    2415.625000  ...           1.0       1
2025-05-22 07:25:00               1   10735.000000  ...           0.0       0
2025-05-22 07:30:00               1   15960.714286  ...           1.0       1
2025-05-22 07:35:00               0     710.666667  ...           NaN       0
2025-05-22 07:40:00               1    1079.538462  ...           NaN       0

[5 rows x 27 columns]
[2025-09-12T07:18:40.207+0000] {logging_mixin.py:188} INFO - test_data                      Delay_Detected  response_time  ...  future_delay  target
timestamp                                           ...                      
2025-05-22 07:20:00               1    2415.625000  ...           1.0       1
2025-05-22 07:25:00               1   10735.000000  ...           0.0       0
2025-05-22 07:30:00               1   15960.714286  ...           1.0       1
2025-05-22 07:35:00               0     710.666667  ...           NaN       0
2025-05-22 07:40:00               1    1079.538462  ...           NaN       0

[5 rows x 27 columns]
[2025-09-12T07:18:40.237+0000] {logging_mixin.py:188} INFO - ❌ Prediction failed: predict_future() missing 4 required positional arguments: 'model', 'scaler', 'features', and 'window_size'
[2025-09-12T07:18:40.409+0000] {python.py:237} INFO - Done. Returned value was: prediction_failed
[2025-09-12T07:18:40.410+0000] {taskinstance.py:441} INFO - ::group::Post task execution logs
[2025-09-12T07:18:40.444+0000] {taskinstance.py:1206} INFO - Marking task as SUCCESS. dag_id=simple_hourly_predictions, task_id=make_prediction, run_id=manual__2025-09-12T06:51:45.475730+00:00, execution_date=20250912T065145, start_date=20250912T071557, end_date=20250912T071840
[2025-09-12T07:18:40.563+0000] {local_task_job_runner.py:243} INFO - Task exited with return code 0
[2025-09-12T07:18:40.668+0000] {local_task_job_runner.py:222} INFO - ::endgroup::
