[2025-09-11T10:11:16.262+0000] {local_task_job_runner.py:120} INFO - ::group::Pre task execution logs
[2025-09-11T10:11:16.329+0000] {taskinstance.py:2076} INFO - Dependencies all met for dep_context=non-requeueable deps ti=<TaskInstance: simple_monthly_training.backup_model scheduled__2025-08-01T02:00:00+00:00 [queued]>
[2025-09-11T10:11:16.351+0000] {taskinstance.py:2076} INFO - Dependencies all met for dep_context=requeueable deps ti=<TaskInstance: simple_monthly_training.backup_model scheduled__2025-08-01T02:00:00+00:00 [queued]>
[2025-09-11T10:11:16.352+0000] {taskinstance.py:2306} INFO - Starting attempt 1 of 2
[2025-09-11T10:11:16.376+0000] {taskinstance.py:2330} INFO - Executing <Task(PythonOperator): backup_model> on 2025-08-01 02:00:00+00:00
[2025-09-11T10:11:16.412+0000] {standard_task_runner.py:90} INFO - Running: ['***', 'tasks', 'run', 'simple_monthly_training', 'backup_model', 'scheduled__2025-08-01T02:00:00+00:00', '--job-id', '32', '--raw', '--subdir', 'DAGS_FOLDER/train_model_dag.py', '--cfg-path', '/tmp/tmplntjwtez']
[2025-09-11T10:11:16.423+0000] {standard_task_runner.py:91} INFO - Job 32: Subtask backup_model
[2025-09-11T10:11:16.436+0000] {logging_mixin.py:188} WARNING - /home/***/.local/lib/python3.12/site-packages/***/task/task_runner/standard_task_runner.py:62 DeprecationWarning: This process (pid=419) is multi-threaded, use of fork() may lead to deadlocks in the child.
[2025-09-11T10:11:16.437+0000] {standard_task_runner.py:64} INFO - Started process 442 to run task
[2025-09-11T10:11:16.677+0000] {task_command.py:426} INFO - Running <TaskInstance: simple_monthly_training.backup_model scheduled__2025-08-01T02:00:00+00:00 [running]> on host 94617eeb311b
[2025-09-11T10:11:16.874+0000] {taskinstance.py:2648} INFO - Exporting env vars: AIRFLOW_CTX_DAG_OWNER='ml-team' AIRFLOW_CTX_DAG_ID='simple_monthly_training' AIRFLOW_CTX_TASK_ID='backup_model' AIRFLOW_CTX_EXECUTION_DATE='2025-08-01T02:00:00+00:00' AIRFLOW_CTX_TRY_NUMBER='1' AIRFLOW_CTX_DAG_RUN_ID='scheduled__2025-08-01T02:00:00+00:00'
[2025-09-11T10:11:16.902+0000] {taskinstance.py:430} INFO - ::endgroup::
[2025-09-11T10:11:16.923+0000] {logging_mixin.py:188} INFO - 💾 Backing up old model...
[2025-09-11T10:11:17.001+0000] {logging_mixin.py:188} INFO - ✅ Model backed up
[2025-09-11T10:11:17.002+0000] {python.py:237} INFO - Done. Returned value was: None
[2025-09-11T10:11:17.003+0000] {taskinstance.py:441} INFO - ::group::Post task execution logs
[2025-09-11T10:11:17.040+0000] {taskinstance.py:1206} INFO - Marking task as SUCCESS. dag_id=simple_monthly_training, task_id=backup_model, run_id=scheduled__2025-08-01T02:00:00+00:00, execution_date=20250801T020000, start_date=20250911T101116, end_date=20250911T101117
[2025-09-11T10:11:17.109+0000] {local_task_job_runner.py:243} INFO - Task exited with return code 0
[2025-09-11T10:11:17.138+0000] {taskinstance.py:3503} INFO - 1 downstream tasks scheduled from follow-on schedule check
[2025-09-11T10:11:17.140+0000] {local_task_job_runner.py:222} INFO - ::endgroup::
