[2025-09-11T06:51:20.029+0000] {local_task_job_runner.py:120} INFO - ::group::Pre task execution logs
[2025-09-11T06:51:20.301+0000] {taskinstance.py:2076} INFO - Dependencies all met for dep_context=non-requeueable deps ti=<TaskInstance: simple_daily_monitoring.generate_report scheduled__2025-09-09T08:00:00+00:00 [queued]>
[2025-09-11T06:51:20.357+0000] {taskinstance.py:2076} INFO - Dependencies all met for dep_context=requeueable deps ti=<TaskInstance: simple_daily_monitoring.generate_report scheduled__2025-09-09T08:00:00+00:00 [queued]>
[2025-09-11T06:51:20.362+0000] {taskinstance.py:2306} INFO - Starting attempt 1 of 2
[2025-09-11T06:51:20.428+0000] {taskinstance.py:2330} INFO - Executing <Task(PythonOperator): generate_report> on 2025-09-09 08:00:00+00:00
[2025-09-11T06:51:20.471+0000] {standard_task_runner.py:90} INFO - Running: ['***', 'tasks', 'run', 'simple_daily_monitoring', 'generate_report', 'scheduled__2025-09-09T08:00:00+00:00', '--job-id', '8', '--raw', '--subdir', 'DAGS_FOLDER/monitor_dag.py', '--cfg-path', '/tmp/tmp19ffazd7']
[2025-09-11T06:51:20.490+0000] {standard_task_runner.py:91} INFO - Job 8: Subtask generate_report
[2025-09-11T06:51:20.505+0000] {logging_mixin.py:188} WARNING - /home/***/.local/lib/python3.12/site-packages/***/task/task_runner/standard_task_runner.py:62 DeprecationWarning: This process (pid=367) is multi-threaded, use of fork() may lead to deadlocks in the child.
[2025-09-11T06:51:20.507+0000] {standard_task_runner.py:64} INFO - Started process 372 to run task
[2025-09-11T06:51:20.721+0000] {task_command.py:426} INFO - Running <TaskInstance: simple_daily_monitoring.generate_report scheduled__2025-09-09T08:00:00+00:00 [running]> on host 02ae08abed04
[2025-09-11T06:51:20.928+0000] {taskinstance.py:2648} INFO - Exporting env vars: AIRFLOW_CTX_DAG_OWNER='ops-team' AIRFLOW_CTX_DAG_ID='simple_daily_monitoring' AIRFLOW_CTX_TASK_ID='generate_report' AIRFLOW_CTX_EXECUTION_DATE='2025-09-09T08:00:00+00:00' AIRFLOW_CTX_TRY_NUMBER='1' AIRFLOW_CTX_DAG_RUN_ID='scheduled__2025-09-09T08:00:00+00:00'
[2025-09-11T06:51:20.935+0000] {taskinstance.py:430} INFO - ::endgroup::
[2025-09-11T06:51:20.976+0000] {logging_mixin.py:188} INFO - 📋 Generating daily report...
[2025-09-11T06:51:20.988+0000] {logging_mixin.py:188} INFO - ✅ Report saved: reports/daily_report_20250911.json
[2025-09-11T06:51:20.990+0000] {python.py:237} INFO - Done. Returned value was: report_generated
[2025-09-11T06:51:20.991+0000] {taskinstance.py:441} INFO - ::group::Post task execution logs
[2025-09-11T06:51:21.041+0000] {taskinstance.py:1206} INFO - Marking task as SUCCESS. dag_id=simple_daily_monitoring, task_id=generate_report, run_id=scheduled__2025-09-09T08:00:00+00:00, execution_date=20250909T080000, start_date=20250911T065120, end_date=20250911T065121
[2025-09-11T06:51:21.090+0000] {local_task_job_runner.py:243} INFO - Task exited with return code 0
[2025-09-11T06:51:21.125+0000] {taskinstance.py:3503} INFO - 0 downstream tasks scheduled from follow-on schedule check
[2025-09-11T06:51:21.128+0000] {local_task_job_runner.py:222} INFO - ::endgroup::
