[2025-09-12T08:00:02.898+0000] {local_task_job_runner.py:120} INFO - ::group::Pre task execution logs
[2025-09-12T08:00:02.981+0000] {taskinstance.py:2076} INFO - Dependencies all met for dep_context=non-requeueable deps ti=<TaskInstance: simple_daily_monitoring.check_data scheduled__2025-09-11T08:00:00+00:00 [queued]>
[2025-09-12T08:00:03.003+0000] {taskinstance.py:2076} INFO - Dependencies all met for dep_context=requeueable deps ti=<TaskInstance: simple_daily_monitoring.check_data scheduled__2025-09-11T08:00:00+00:00 [queued]>
[2025-09-12T08:00:03.005+0000] {taskinstance.py:2306} INFO - Starting attempt 1 of 2
[2025-09-12T08:00:03.031+0000] {taskinstance.py:2330} INFO - Executing <Task(PythonOperator): check_data> on 2025-09-11 08:00:00+00:00
[2025-09-12T08:00:03.061+0000] {logging_mixin.py:188} WARNING - /home/***/.local/lib/python3.12/site-packages/***/task/task_runner/standard_task_runner.py:62 DeprecationWarning: This process (pid=3242) is multi-threaded, use of fork() may lead to deadlocks in the child.
[2025-09-12T08:00:03.070+0000] {standard_task_runner.py:64} INFO - Started process 3248 to run task
[2025-09-12T08:00:03.055+0000] {standard_task_runner.py:90} INFO - Running: ['***', 'tasks', 'run', 'simple_daily_monitoring', 'check_data', 'scheduled__2025-09-11T08:00:00+00:00', '--job-id', '66', '--raw', '--subdir', 'DAGS_FOLDER/monitor_dag.py', '--cfg-path', '/tmp/tmp_je_1vwx']
[2025-09-12T08:00:03.074+0000] {standard_task_runner.py:91} INFO - Job 66: Subtask check_data
[2025-09-12T08:00:03.226+0000] {task_command.py:426} INFO - Running <TaskInstance: simple_daily_monitoring.check_data scheduled__2025-09-11T08:00:00+00:00 [running]> on host 2058836b81fe
[2025-09-12T08:00:03.363+0000] {taskinstance.py:2648} INFO - Exporting env vars: AIRFLOW_CTX_DAG_OWNER='ops-team' AIRFLOW_CTX_DAG_ID='simple_daily_monitoring' AIRFLOW_CTX_TASK_ID='check_data' AIRFLOW_CTX_EXECUTION_DATE='2025-09-11T08:00:00+00:00' AIRFLOW_CTX_TRY_NUMBER='1' AIRFLOW_CTX_DAG_RUN_ID='scheduled__2025-09-11T08:00:00+00:00'
[2025-09-12T08:00:03.365+0000] {taskinstance.py:430} INFO - ::endgroup::
[2025-09-12T08:00:03.387+0000] {logging_mixin.py:188} INFO - 📊 Checking data health...
[2025-09-12T08:32:32.612+0000] {logging_mixin.py:188} INFO - ⚠️ Data is 2712.8 hours old
[2025-09-12T08:32:32.651+0000] {logging_mixin.py:188} INFO - Total records: 3137151
[2025-09-12T08:32:32.872+0000] {python.py:237} INFO - Done. Returned value was: stale_data
[2025-09-12T08:32:32.880+0000] {taskinstance.py:441} INFO - ::group::Post task execution logs
[2025-09-12T08:32:35.864+0000] {taskinstance.py:1206} INFO - Marking task as SUCCESS. dag_id=simple_daily_monitoring, task_id=check_data, run_id=scheduled__2025-09-11T08:00:00+00:00, execution_date=20250911T080000, start_date=20250912T080002, end_date=20250912T083235
[2025-09-12T08:32:35.991+0000] {local_task_job_runner.py:243} INFO - Task exited with return code 0
[2025-09-12T08:32:36.434+0000] {taskinstance.py:3503} INFO - 1 downstream tasks scheduled from follow-on schedule check
[2025-09-12T08:32:36.440+0000] {local_task_job_runner.py:222} INFO - ::endgroup::
