[2025-09-11T06:49:39.269+0000] {local_task_job_runner.py:120} INFO - ::group::Pre task execution logs
[2025-09-11T06:49:39.350+0000] {taskinstance.py:2076} INFO - Dependencies all met for dep_context=non-requeueable deps ti=<TaskInstance: simple_daily_monitoring.check_data scheduled__2025-09-09T08:00:00+00:00 [queued]>
[2025-09-11T06:49:39.369+0000] {taskinstance.py:2076} INFO - Dependencies all met for dep_context=requeueable deps ti=<TaskInstance: simple_daily_monitoring.check_data scheduled__2025-09-09T08:00:00+00:00 [queued]>
[2025-09-11T06:49:39.371+0000] {taskinstance.py:2306} INFO - Starting attempt 1 of 2
[2025-09-11T06:49:39.406+0000] {taskinstance.py:2330} INFO - Executing <Task(PythonOperator): check_data> on 2025-09-09 08:00:00+00:00
[2025-09-11T06:49:39.488+0000] {logging_mixin.py:188} WARNING - /home/***/.local/lib/python3.12/site-packages/***/task/task_runner/standard_task_runner.py:62 DeprecationWarning: This process (pid=308) is multi-threaded, use of fork() may lead to deadlocks in the child.
[2025-09-11T06:49:39.491+0000] {standard_task_runner.py:64} INFO - Started process 313 to run task
[2025-09-11T06:49:39.458+0000] {standard_task_runner.py:90} INFO - Running: ['***', 'tasks', 'run', 'simple_daily_monitoring', 'check_data', 'scheduled__2025-09-09T08:00:00+00:00', '--job-id', '4', '--raw', '--subdir', 'DAGS_FOLDER/monitor_dag.py', '--cfg-path', '/tmp/tmpbseflfhv']
[2025-09-11T06:49:39.496+0000] {standard_task_runner.py:91} INFO - Job 4: Subtask check_data
[2025-09-11T06:49:40.258+0000] {task_command.py:426} INFO - Running <TaskInstance: simple_daily_monitoring.check_data scheduled__2025-09-09T08:00:00+00:00 [running]> on host 02ae08abed04
[2025-09-11T06:49:41.138+0000] {taskinstance.py:2648} INFO - Exporting env vars: AIRFLOW_CTX_DAG_OWNER='ops-team' AIRFLOW_CTX_DAG_ID='simple_daily_monitoring' AIRFLOW_CTX_TASK_ID='check_data' AIRFLOW_CTX_EXECUTION_DATE='2025-09-09T08:00:00+00:00' AIRFLOW_CTX_TRY_NUMBER='1' AIRFLOW_CTX_DAG_RUN_ID='scheduled__2025-09-09T08:00:00+00:00'
[2025-09-11T06:49:41.146+0000] {taskinstance.py:430} INFO - ::endgroup::
[2025-09-11T06:49:41.221+0000] {logging_mixin.py:188} INFO - 📊 Checking data health...
[2025-09-11T06:51:07.824+0000] {logging_mixin.py:188} INFO - ⚠️ Data is 2687.1 hours old
[2025-09-11T06:51:07.862+0000] {logging_mixin.py:188} INFO - Total records: 3137151
[2025-09-11T06:51:08.145+0000] {python.py:237} INFO - Done. Returned value was: stale_data
[2025-09-11T06:51:08.151+0000] {taskinstance.py:441} INFO - ::group::Post task execution logs
[2025-09-11T06:51:15.820+0000] {taskinstance.py:1206} INFO - Marking task as SUCCESS. dag_id=simple_daily_monitoring, task_id=check_data, run_id=scheduled__2025-09-09T08:00:00+00:00, execution_date=20250909T080000, start_date=20250911T064939, end_date=20250911T065115
[2025-09-11T06:51:16.340+0000] {local_task_job_runner.py:243} INFO - Task exited with return code 0
[2025-09-11T06:51:16.626+0000] {taskinstance.py:3503} INFO - 1 downstream tasks scheduled from follow-on schedule check
[2025-09-11T06:51:16.637+0000] {local_task_job_runner.py:222} INFO - ::endgroup::
