[2025-09-11T10:06:51.681+0000] {local_task_job_runner.py:120} INFO - ::group::Pre task execution logs
[2025-09-11T10:06:51.762+0000] {taskinstance.py:2076} INFO - Dependencies all met for dep_context=non-requeueable deps ti=<TaskInstance: simple_hourly_predictions.check_system scheduled__2025-09-11T09:00:00+00:00 [queued]>
[2025-09-11T10:06:51.777+0000] {taskinstance.py:2076} INFO - Dependencies all met for dep_context=requeueable deps ti=<TaskInstance: simple_hourly_predictions.check_system scheduled__2025-09-11T09:00:00+00:00 [queued]>
[2025-09-11T10:06:51.795+0000] {taskinstance.py:2306} INFO - Starting attempt 1 of 3
[2025-09-11T10:06:51.848+0000] {taskinstance.py:2330} INFO - Executing <Task(PythonOperator): check_system> on 2025-09-11 09:00:00+00:00
[2025-09-11T10:06:51.876+0000] {standard_task_runner.py:90} INFO - Running: ['***', 'tasks', 'run', 'simple_hourly_predictions', 'check_system', 'scheduled__2025-09-11T09:00:00+00:00', '--job-id', '30', '--raw', '--subdir', 'DAGS_FOLDER/prediction_dag.py', '--cfg-path', '/tmp/tmp4wf44dqa']
[2025-09-11T10:06:51.881+0000] {standard_task_runner.py:91} INFO - Job 30: Subtask check_system
[2025-09-11T10:06:51.881+0000] {logging_mixin.py:188} WARNING - /home/***/.local/lib/python3.12/site-packages/***/task/task_runner/standard_task_runner.py:62 DeprecationWarning: This process (pid=198) is multi-threaded, use of fork() may lead to deadlocks in the child.
[2025-09-11T10:06:51.882+0000] {standard_task_runner.py:64} INFO - Started process 217 to run task
[2025-09-11T10:06:52.011+0000] {task_command.py:426} INFO - Running <TaskInstance: simple_hourly_predictions.check_system scheduled__2025-09-11T09:00:00+00:00 [running]> on host 94617eeb311b
[2025-09-11T10:06:52.629+0000] {taskinstance.py:2648} INFO - Exporting env vars: AIRFLOW_CTX_DAG_OWNER='ops-team' AIRFLOW_CTX_DAG_ID='simple_hourly_predictions' AIRFLOW_CTX_TASK_ID='check_system' AIRFLOW_CTX_EXECUTION_DATE='2025-09-11T09:00:00+00:00' AIRFLOW_CTX_TRY_NUMBER='1' AIRFLOW_CTX_DAG_RUN_ID='scheduled__2025-09-11T09:00:00+00:00'
[2025-09-11T10:06:52.635+0000] {taskinstance.py:430} INFO - ::endgroup::
[2025-09-11T10:06:52.715+0000] {logging_mixin.py:188} INFO - 🔍 Quick system check...
[2025-09-11T10:06:52.717+0000] {logging_mixin.py:188} INFO - ✅ Disk space OK: 927.3GB
[2025-09-11T10:06:52.728+0000] {logging_mixin.py:188} INFO - ⚠️ API not reachable
[2025-09-11T10:06:52.729+0000] {python.py:237} INFO - Done. Returned value was: system_checked
[2025-09-11T10:06:52.730+0000] {taskinstance.py:441} INFO - ::group::Post task execution logs
[2025-09-11T10:06:52.781+0000] {taskinstance.py:1206} INFO - Marking task as SUCCESS. dag_id=simple_hourly_predictions, task_id=check_system, run_id=scheduled__2025-09-11T09:00:00+00:00, execution_date=20250911T090000, start_date=20250911T100651, end_date=20250911T100652
[2025-09-11T10:06:52.862+0000] {local_task_job_runner.py:243} INFO - Task exited with return code 0
[2025-09-11T10:06:52.897+0000] {taskinstance.py:3503} INFO - 1 downstream tasks scheduled from follow-on schedule check
[2025-09-11T10:06:52.900+0000] {local_task_job_runner.py:222} INFO - ::endgroup::
