[2025-09-11T06:49:39.265+0000] {local_task_job_runner.py:120} INFO - ::group::Pre task execution logs
[2025-09-11T06:49:39.364+0000] {taskinstance.py:2076} INFO - Dependencies all met for dep_context=non-requeueable deps ti=<TaskInstance: simple_daily_monitoring.check_predictions scheduled__2025-09-09T08:00:00+00:00 [queued]>
[2025-09-11T06:49:39.392+0000] {taskinstance.py:2076} INFO - Dependencies all met for dep_context=requeueable deps ti=<TaskInstance: simple_daily_monitoring.check_predictions scheduled__2025-09-09T08:00:00+00:00 [queued]>
[2025-09-11T06:49:39.394+0000] {taskinstance.py:2306} INFO - Starting attempt 1 of 2
[2025-09-11T06:49:39.438+0000] {taskinstance.py:2330} INFO - Executing <Task(PythonOperator): check_predictions> on 2025-09-09 08:00:00+00:00
[2025-09-11T06:49:39.475+0000] {standard_task_runner.py:90} INFO - Running: ['***', 'tasks', 'run', 'simple_daily_monitoring', 'check_predictions', 'scheduled__2025-09-09T08:00:00+00:00', '--job-id', '2', '--raw', '--subdir', 'DAGS_FOLDER/monitor_dag.py', '--cfg-path', '/tmp/tmp_xlga0wj']
[2025-09-11T06:49:39.543+0000] {standard_task_runner.py:91} INFO - Job 2: Subtask check_predictions
[2025-09-11T06:49:39.579+0000] {logging_mixin.py:188} WARNING - /home/***/.local/lib/python3.12/site-packages/***/task/task_runner/standard_task_runner.py:62 DeprecationWarning: This process (pid=309) is multi-threaded, use of fork() may lead to deadlocks in the child.
[2025-09-11T06:49:39.582+0000] {standard_task_runner.py:64} INFO - Started process 315 to run task
[2025-09-11T06:49:40.300+0000] {task_command.py:426} INFO - Running <TaskInstance: simple_daily_monitoring.check_predictions scheduled__2025-09-09T08:00:00+00:00 [running]> on host 02ae08abed04
[2025-09-11T06:49:41.045+0000] {taskinstance.py:2648} INFO - Exporting env vars: AIRFLOW_CTX_DAG_OWNER='ops-team' AIRFLOW_CTX_DAG_ID='simple_daily_monitoring' AIRFLOW_CTX_TASK_ID='check_predictions' AIRFLOW_CTX_EXECUTION_DATE='2025-09-09T08:00:00+00:00' AIRFLOW_CTX_TRY_NUMBER='1' AIRFLOW_CTX_DAG_RUN_ID='scheduled__2025-09-09T08:00:00+00:00'
[2025-09-11T06:49:41.066+0000] {taskinstance.py:430} INFO - ::endgroup::
[2025-09-11T06:49:41.224+0000] {logging_mixin.py:188} INFO - 📈 Checking recent predictions...
[2025-09-11T06:49:41.226+0000] {logging_mixin.py:188} INFO - ❌ No predictions file found
[2025-09-11T06:49:41.228+0000] {python.py:237} INFO - Done. Returned value was: no_predictions
[2025-09-11T06:49:41.231+0000] {taskinstance.py:441} INFO - ::group::Post task execution logs
[2025-09-11T06:49:41.330+0000] {taskinstance.py:1206} INFO - Marking task as SUCCESS. dag_id=simple_daily_monitoring, task_id=check_predictions, run_id=scheduled__2025-09-09T08:00:00+00:00, execution_date=20250909T080000, start_date=20250911T064939, end_date=20250911T064941
[2025-09-11T06:49:41.414+0000] {local_task_job_runner.py:243} INFO - Task exited with return code 0
[2025-09-11T06:49:41.472+0000] {taskinstance.py:3503} INFO - 0 downstream tasks scheduled from follow-on schedule check
[2025-09-11T06:49:41.480+0000] {local_task_job_runner.py:222} INFO - ::endgroup::
