[2025-09-11T06:50:13.145+0000] {local_task_job_runner.py:120} INFO - ::group::Pre task execution logs
[2025-09-11T06:50:13.330+0000] {taskinstance.py:2076} INFO - Dependencies all met for dep_context=non-requeueable deps ti=<TaskInstance: simple_daily_monitoring.check_model manual__2025-09-11T06:49:59.735427+00:00 [queued]>
[2025-09-11T06:50:13.388+0000] {taskinstance.py:2076} INFO - Dependencies all met for dep_context=requeueable deps ti=<TaskInstance: simple_daily_monitoring.check_model manual__2025-09-11T06:49:59.735427+00:00 [queued]>
[2025-09-11T06:50:13.390+0000] {taskinstance.py:2306} INFO - Starting attempt 1 of 2
[2025-09-11T06:50:13.453+0000] {taskinstance.py:2330} INFO - Executing <Task(PythonOperator): check_model> on 2025-09-11 06:49:59.735427+00:00
[2025-09-11T06:50:13.644+0000] {logging_mixin.py:188} WARNING - /home/***/.local/lib/python3.12/site-packages/***/task/task_runner/standard_task_runner.py:62 DeprecationWarning: This process (pid=322) is multi-threaded, use of fork() may lead to deadlocks in the child.
[2025-09-11T06:50:13.592+0000] {standard_task_runner.py:90} INFO - Running: ['***', 'tasks', 'run', 'simple_daily_monitoring', 'check_model', 'manual__2025-09-11T06:49:59.735427+00:00', '--job-id', '7', '--raw', '--subdir', 'DAGS_FOLDER/monitor_dag.py', '--cfg-path', '/tmp/tmp6apx7ur1']
[2025-09-11T06:50:13.688+0000] {standard_task_runner.py:64} INFO - Started process 338 to run task
[2025-09-11T06:50:13.690+0000] {standard_task_runner.py:91} INFO - Job 7: Subtask check_model
[2025-09-11T06:50:15.338+0000] {task_command.py:426} INFO - Running <TaskInstance: simple_daily_monitoring.check_model manual__2025-09-11T06:49:59.735427+00:00 [running]> on host 02ae08abed04
[2025-09-11T06:50:16.075+0000] {taskinstance.py:2648} INFO - Exporting env vars: AIRFLOW_CTX_DAG_OWNER='ops-team' AIRFLOW_CTX_DAG_ID='simple_daily_monitoring' AIRFLOW_CTX_TASK_ID='check_model' AIRFLOW_CTX_EXECUTION_DATE='2025-09-11T06:49:59.735427+00:00' AIRFLOW_CTX_TRY_NUMBER='1' AIRFLOW_CTX_DAG_RUN_ID='manual__2025-09-11T06:49:59.735427+00:00'
[2025-09-11T06:50:16.088+0000] {taskinstance.py:430} INFO - ::endgroup::
[2025-09-11T06:50:16.163+0000] {logging_mixin.py:188} INFO - 🤖 Checking model health...
[2025-09-11T06:50:16.173+0000] {logging_mixin.py:188} INFO - ❌ Missing files: ['feature_names.json']
[2025-09-11T06:50:16.174+0000] {python.py:237} INFO - Done. Returned value was: missing_files
[2025-09-11T06:50:16.176+0000] {taskinstance.py:441} INFO - ::group::Post task execution logs
[2025-09-11T06:50:16.320+0000] {taskinstance.py:1206} INFO - Marking task as SUCCESS. dag_id=simple_daily_monitoring, task_id=check_model, run_id=manual__2025-09-11T06:49:59.735427+00:00, execution_date=20250911T064959, start_date=20250911T065013, end_date=20250911T065016
[2025-09-11T06:50:16.404+0000] {local_task_job_runner.py:243} INFO - Task exited with return code 0
[2025-09-11T06:50:16.451+0000] {taskinstance.py:3503} INFO - 0 downstream tasks scheduled from follow-on schedule check
[2025-09-11T06:50:16.457+0000] {local_task_job_runner.py:222} INFO - ::endgroup::
