[2025-09-12T08:00:02.893+0000] {local_task_job_runner.py:120} INFO - ::group::Pre task execution logs
[2025-09-12T08:00:02.982+0000] {taskinstance.py:2076} INFO - Dependencies all met for dep_context=non-requeueable deps ti=<TaskInstance: simple_daily_monitoring.check_predictions scheduled__2025-09-11T08:00:00+00:00 [queued]>
[2025-09-12T08:00:03.003+0000] {taskinstance.py:2076} INFO - Dependencies all met for dep_context=requeueable deps ti=<TaskInstance: simple_daily_monitoring.check_predictions scheduled__2025-09-11T08:00:00+00:00 [queued]>
[2025-09-12T08:00:03.005+0000] {taskinstance.py:2306} INFO - Starting attempt 1 of 2
[2025-09-12T08:00:03.040+0000] {taskinstance.py:2330} INFO - Executing <Task(PythonOperator): check_predictions> on 2025-09-11 08:00:00+00:00
[2025-09-12T08:00:03.070+0000] {standard_task_runner.py:90} INFO - Running: ['***', 'tasks', 'run', 'simple_daily_monitoring', 'check_predictions', 'scheduled__2025-09-11T08:00:00+00:00', '--job-id', '67', '--raw', '--subdir', 'DAGS_FOLDER/monitor_dag.py', '--cfg-path', '/tmp/tmpjnsujjmi']
[2025-09-12T08:00:03.091+0000] {standard_task_runner.py:91} INFO - Job 67: Subtask check_predictions
[2025-09-12T08:00:03.085+0000] {logging_mixin.py:188} WARNING - /home/***/.local/lib/python3.12/site-packages/***/task/task_runner/standard_task_runner.py:62 DeprecationWarning: This process (pid=3240) is multi-threaded, use of fork() may lead to deadlocks in the child.
[2025-09-12T08:00:03.096+0000] {standard_task_runner.py:64} INFO - Started process 3251 to run task
[2025-09-12T08:00:03.241+0000] {task_command.py:426} INFO - Running <TaskInstance: simple_daily_monitoring.check_predictions scheduled__2025-09-11T08:00:00+00:00 [running]> on host 2058836b81fe
[2025-09-12T08:00:03.375+0000] {taskinstance.py:2648} INFO - Exporting env vars: AIRFLOW_CTX_DAG_OWNER='ops-team' AIRFLOW_CTX_DAG_ID='simple_daily_monitoring' AIRFLOW_CTX_TASK_ID='check_predictions' AIRFLOW_CTX_EXECUTION_DATE='2025-09-11T08:00:00+00:00' AIRFLOW_CTX_TRY_NUMBER='1' AIRFLOW_CTX_DAG_RUN_ID='scheduled__2025-09-11T08:00:00+00:00'
[2025-09-12T08:00:03.376+0000] {taskinstance.py:430} INFO - ::endgroup::
[2025-09-12T08:00:03.401+0000] {logging_mixin.py:188} INFO - 📈 Checking recent predictions...
[2025-09-12T08:00:03.402+0000] {logging_mixin.py:188} INFO - ❌ No predictions file found
[2025-09-12T08:00:03.403+0000] {python.py:237} INFO - Done. Returned value was: no_predictions
[2025-09-12T08:00:03.403+0000] {taskinstance.py:441} INFO - ::group::Post task execution logs
[2025-09-12T08:00:03.829+0000] {taskinstance.py:1206} INFO - Marking task as SUCCESS. dag_id=simple_daily_monitoring, task_id=check_predictions, run_id=scheduled__2025-09-11T08:00:00+00:00, execution_date=20250911T080000, start_date=20250912T080002, end_date=20250912T080003
[2025-09-12T08:00:03.918+0000] {local_task_job_runner.py:243} INFO - Task exited with return code 0
[2025-09-12T08:00:03.975+0000] {taskinstance.py:3503} INFO - 0 downstream tasks scheduled from follow-on schedule check
[2025-09-12T08:00:03.982+0000] {local_task_job_runner.py:222} INFO - ::endgroup::
