[2025-09-11T08:00:01.349+0000] {local_task_job_runner.py:120} INFO - ::group::Pre task execution logs
[2025-09-11T08:00:01.409+0000] {taskinstance.py:2076} INFO - Dependencies all met for dep_context=non-requeueable deps ti=<TaskInstance: simple_daily_monitoring.check_data scheduled__2025-09-10T08:00:00+00:00 [queued]>
[2025-09-11T08:00:01.422+0000] {taskinstance.py:2076} INFO - Dependencies all met for dep_context=requeueable deps ti=<TaskInstance: simple_daily_monitoring.check_data scheduled__2025-09-10T08:00:00+00:00 [queued]>
[2025-09-11T08:00:01.423+0000] {taskinstance.py:2306} INFO - Starting attempt 1 of 2
[2025-09-11T08:00:01.442+0000] {taskinstance.py:2330} INFO - Executing <Task(PythonOperator): check_data> on 2025-09-10 08:00:00+00:00
[2025-09-11T08:00:01.461+0000] {logging_mixin.py:188} WARNING - /home/***/.local/lib/python3.12/site-packages/***/task/task_runner/standard_task_runner.py:62 DeprecationWarning: This process (pid=1102) is multi-threaded, use of fork() may lead to deadlocks in the child.
[2025-09-11T08:00:01.456+0000] {standard_task_runner.py:90} INFO - Running: ['***', 'tasks', 'run', 'simple_daily_monitoring', 'check_data', 'scheduled__2025-09-10T08:00:00+00:00', '--job-id', '21', '--raw', '--subdir', 'DAGS_FOLDER/monitor_dag.py', '--cfg-path', '/tmp/tmpn36vq5wg']
[2025-09-11T08:00:01.463+0000] {standard_task_runner.py:64} INFO - Started process 1108 to run task
[2025-09-11T08:00:01.464+0000] {standard_task_runner.py:91} INFO - Job 21: Subtask check_data
[2025-09-11T08:00:01.572+0000] {task_command.py:426} INFO - Running <TaskInstance: simple_daily_monitoring.check_data scheduled__2025-09-10T08:00:00+00:00 [running]> on host 02ae08abed04
[2025-09-11T08:00:01.965+0000] {taskinstance.py:2648} INFO - Exporting env vars: AIRFLOW_CTX_DAG_OWNER='ops-team' AIRFLOW_CTX_DAG_ID='simple_daily_monitoring' AIRFLOW_CTX_TASK_ID='check_data' AIRFLOW_CTX_EXECUTION_DATE='2025-09-10T08:00:00+00:00' AIRFLOW_CTX_TRY_NUMBER='1' AIRFLOW_CTX_DAG_RUN_ID='scheduled__2025-09-10T08:00:00+00:00'
[2025-09-11T08:00:01.967+0000] {taskinstance.py:430} INFO - ::endgroup::
[2025-09-11T08:00:01.996+0000] {logging_mixin.py:188} INFO - 📊 Checking data health...
[2025-09-11T08:00:52.093+0000] {logging_mixin.py:188} INFO - ⚠️ Data is 2688.3 hours old
[2025-09-11T08:00:52.137+0000] {logging_mixin.py:188} INFO - Total records: 3137151
[2025-09-11T08:00:52.322+0000] {python.py:237} INFO - Done. Returned value was: stale_data
[2025-09-11T08:00:52.328+0000] {taskinstance.py:441} INFO - ::group::Post task execution logs
[2025-09-11T08:00:52.871+0000] {taskinstance.py:1206} INFO - Marking task as SUCCESS. dag_id=simple_daily_monitoring, task_id=check_data, run_id=scheduled__2025-09-10T08:00:00+00:00, execution_date=20250910T080000, start_date=20250911T080001, end_date=20250911T080052
[2025-09-11T08:00:53.070+0000] {local_task_job_runner.py:243} INFO - Task exited with return code 0
[2025-09-11T08:00:53.368+0000] {taskinstance.py:3503} INFO - 1 downstream tasks scheduled from follow-on schedule check
[2025-09-11T08:00:53.373+0000] {local_task_job_runner.py:222} INFO - ::endgroup::
