[2025-09-12T08:00:05.766+0000] {local_task_job_runner.py:120} INFO - ::group::Pre task execution logs
[2025-09-12T08:00:05.805+0000] {taskinstance.py:2076} INFO - Dependencies all met for dep_context=non-requeueable deps ti=<TaskInstance: simple_hourly_predictions.make_prediction scheduled__2025-09-12T07:00:00+00:00 [queued]>
[2025-09-12T08:00:05.816+0000] {taskinstance.py:2076} INFO - Dependencies all met for dep_context=requeueable deps ti=<TaskInstance: simple_hourly_predictions.make_prediction scheduled__2025-09-12T07:00:00+00:00 [queued]>
[2025-09-12T08:00:05.816+0000] {taskinstance.py:2306} INFO - Starting attempt 1 of 3
[2025-09-12T08:00:05.831+0000] {taskinstance.py:2330} INFO - Executing <Task(PythonOperator): make_prediction> on 2025-09-12 07:00:00+00:00
[2025-09-12T08:00:05.843+0000] {standard_task_runner.py:90} INFO - Running: ['***', 'tasks', 'run', 'simple_hourly_predictions', 'make_prediction', 'scheduled__2025-09-12T07:00:00+00:00', '--job-id', '69', '--raw', '--subdir', 'DAGS_FOLDER/prediction_dag.py', '--cfg-path', '/tmp/tmpmc859630']
[2025-09-12T08:00:05.847+0000] {standard_task_runner.py:91} INFO - Job 69: Subtask make_prediction
[2025-09-12T08:00:05.847+0000] {logging_mixin.py:188} WARNING - /home/***/.local/lib/python3.12/site-packages/***/task/task_runner/standard_task_runner.py:62 DeprecationWarning: This process (pid=3252) is multi-threaded, use of fork() may lead to deadlocks in the child.
[2025-09-12T08:00:05.848+0000] {standard_task_runner.py:64} INFO - Started process 3254 to run task
[2025-09-12T08:00:05.929+0000] {task_command.py:426} INFO - Running <TaskInstance: simple_hourly_predictions.make_prediction scheduled__2025-09-12T07:00:00+00:00 [running]> on host 2058836b81fe
[2025-09-12T08:00:06.038+0000] {taskinstance.py:2648} INFO - Exporting env vars: AIRFLOW_CTX_DAG_OWNER='ops-team' AIRFLOW_CTX_DAG_ID='simple_hourly_predictions' AIRFLOW_CTX_TASK_ID='make_prediction' AIRFLOW_CTX_EXECUTION_DATE='2025-09-12T07:00:00+00:00' AIRFLOW_CTX_TRY_NUMBER='1' AIRFLOW_CTX_DAG_RUN_ID='scheduled__2025-09-12T07:00:00+00:00'
[2025-09-12T08:00:06.040+0000] {taskinstance.py:430} INFO - ::endgroup::
[2025-09-12T08:00:06.057+0000] {logging_mixin.py:188} INFO - 🔮 Making delay prediction...
[2025-09-12T08:32:32.040+0000] {logging_mixin.py:188} INFO - Starting preprocessing...
[2025-09-12T08:32:32.051+0000] {logging_mixin.py:188} INFO - Original data shape: (1016, 23)
[2025-09-12T08:32:32.053+0000] {logging_mixin.py:188} INFO - Delay instances: 194/1016 (19.1%)
[2025-09-12T08:32:32.082+0000] {logging_mixin.py:188} INFO - After resampling: (36, 5)
[2025-09-12T08:32:32.114+0000] {logging_mixin.py:188} INFO - After feature engineering: (36, 27)
[2025-09-12T08:32:32.117+0000] {logging_mixin.py:188} INFO - Target distribution: {1: 33, 0: 3}
[2025-09-12T08:32:32.118+0000] {logging_mixin.py:188} INFO - Target balance: 91.7% positive class
[2025-09-12T08:32:32.123+0000] {logging_mixin.py:188} INFO - NaN values remaining: 21
[2025-09-12T08:32:32.124+0000] {logging_mixin.py:188} INFO - Preprocessing complete.
[2025-09-12T08:32:32.197+0000] {logging_mixin.py:188} INFO - train data                       Delay_Detected  response_time  ...  future_delay  target
timestamp                                           ...                      
2025-05-22 07:20:00               1    2415.625000  ...           1.0       1
2025-05-22 07:25:00               1   10735.000000  ...           0.0       0
2025-05-22 07:30:00               1   15960.714286  ...           1.0       1
2025-05-22 07:35:00               0     710.666667  ...           NaN       0
2025-05-22 07:40:00               1    1079.538462  ...           NaN       0

[5 rows x 27 columns]
[2025-09-12T08:32:32.226+0000] {logging_mixin.py:188} INFO - test_data                      Delay_Detected  response_time  ...  future_delay  target
timestamp                                           ...                      
2025-05-22 07:20:00               1    2415.625000  ...           1.0       1
2025-05-22 07:25:00               1   10735.000000  ...           0.0       0
2025-05-22 07:30:00               1   15960.714286  ...           1.0       1
2025-05-22 07:35:00               0     710.666667  ...           NaN       0
2025-05-22 07:40:00               1    1079.538462  ...           NaN       0

[5 rows x 27 columns]
[2025-09-12T08:32:32.276+0000] {logging_mixin.py:188} INFO - ❌ Prediction failed: predict_future() missing 4 required positional arguments: 'model', 'scaler', 'features', and 'window_size'
[2025-09-12T08:32:32.526+0000] {python.py:237} INFO - Done. Returned value was: prediction_failed
[2025-09-12T08:32:32.527+0000] {taskinstance.py:441} INFO - ::group::Post task execution logs
[2025-09-12T08:32:32.563+0000] {taskinstance.py:1206} INFO - Marking task as SUCCESS. dag_id=simple_hourly_predictions, task_id=make_prediction, run_id=scheduled__2025-09-12T07:00:00+00:00, execution_date=20250912T070000, start_date=20250912T080005, end_date=20250912T083232
[2025-09-12T08:32:32.702+0000] {local_task_job_runner.py:243} INFO - Task exited with return code 0
[2025-09-12T08:32:32.930+0000] {taskinstance.py:3503} INFO - 0 downstream tasks scheduled from follow-on schedule check
[2025-09-12T08:32:32.933+0000] {local_task_job_runner.py:222} INFO - ::endgroup::
