[2025-09-11T08:00:01.351+0000] {local_task_job_runner.py:120} INFO - ::group::Pre task execution logs
[2025-09-11T08:00:01.407+0000] {taskinstance.py:2076} INFO - Dependencies all met for dep_context=non-requeueable deps ti=<TaskInstance: simple_hourly_predictions.check_system scheduled__2025-09-11T07:00:00+00:00 [queued]>
[2025-09-11T08:00:01.420+0000] {taskinstance.py:2076} INFO - Dependencies all met for dep_context=requeueable deps ti=<TaskInstance: simple_hourly_predictions.check_system scheduled__2025-09-11T07:00:00+00:00 [queued]>
[2025-09-11T08:00:01.423+0000] {taskinstance.py:2306} INFO - Starting attempt 1 of 3
[2025-09-11T08:00:01.443+0000] {taskinstance.py:2330} INFO - Executing <Task(PythonOperator): check_system> on 2025-09-11 07:00:00+00:00
[2025-09-11T08:00:01.456+0000] {standard_task_runner.py:90} INFO - Running: ['***', 'tasks', 'run', 'simple_hourly_predictions', 'check_system', 'scheduled__2025-09-11T07:00:00+00:00', '--job-id', '22', '--raw', '--subdir', 'DAGS_FOLDER/prediction_dag.py', '--cfg-path', '/tmp/tmpcgai2x3x']
[2025-09-11T08:00:01.463+0000] {standard_task_runner.py:91} INFO - Job 22: Subtask check_system
[2025-09-11T08:00:01.466+0000] {logging_mixin.py:188} WARNING - /home/***/.local/lib/python3.12/site-packages/***/task/task_runner/standard_task_runner.py:62 DeprecationWarning: This process (pid=1103) is multi-threaded, use of fork() may lead to deadlocks in the child.
[2025-09-11T08:00:01.467+0000] {standard_task_runner.py:64} INFO - Started process 1109 to run task
[2025-09-11T08:00:01.572+0000] {task_command.py:426} INFO - Running <TaskInstance: simple_hourly_predictions.check_system scheduled__2025-09-11T07:00:00+00:00 [running]> on host 02ae08abed04
[2025-09-11T08:00:01.965+0000] {taskinstance.py:2648} INFO - Exporting env vars: AIRFLOW_CTX_DAG_OWNER='ops-team' AIRFLOW_CTX_DAG_ID='simple_hourly_predictions' AIRFLOW_CTX_TASK_ID='check_system' AIRFLOW_CTX_EXECUTION_DATE='2025-09-11T07:00:00+00:00' AIRFLOW_CTX_TRY_NUMBER='1' AIRFLOW_CTX_DAG_RUN_ID='scheduled__2025-09-11T07:00:00+00:00'
[2025-09-11T08:00:01.967+0000] {taskinstance.py:430} INFO - ::endgroup::
[2025-09-11T08:00:01.996+0000] {logging_mixin.py:188} INFO - 🔍 Quick system check...
[2025-09-11T08:00:01.997+0000] {logging_mixin.py:188} INFO - ✅ Disk space OK: 933.9GB
[2025-09-11T08:00:02.005+0000] {logging_mixin.py:188} INFO - ⚠️ API not reachable
[2025-09-11T08:00:02.006+0000] {python.py:237} INFO - Done. Returned value was: system_checked
[2025-09-11T08:00:02.007+0000] {taskinstance.py:441} INFO - ::group::Post task execution logs
[2025-09-11T08:00:02.040+0000] {taskinstance.py:1206} INFO - Marking task as SUCCESS. dag_id=simple_hourly_predictions, task_id=check_system, run_id=scheduled__2025-09-11T07:00:00+00:00, execution_date=20250911T070000, start_date=20250911T080001, end_date=20250911T080002
[2025-09-11T08:00:02.085+0000] {local_task_job_runner.py:243} INFO - Task exited with return code 0
[2025-09-11T08:00:02.113+0000] {taskinstance.py:3503} INFO - 1 downstream tasks scheduled from follow-on schedule check
[2025-09-11T08:00:02.115+0000] {local_task_job_runner.py:222} INFO - ::endgroup::
