[2025-09-12T08:00:02.900+0000] {local_task_job_runner.py:120} INFO - ::group::Pre task execution logs
[2025-09-12T08:00:02.977+0000] {taskinstance.py:2076} INFO - Dependencies all met for dep_context=non-requeueable deps ti=<TaskInstance: simple_hourly_predictions.check_system scheduled__2025-09-12T07:00:00+00:00 [queued]>
[2025-09-12T08:00:03.000+0000] {taskinstance.py:2076} INFO - Dependencies all met for dep_context=requeueable deps ti=<TaskInstance: simple_hourly_predictions.check_system scheduled__2025-09-12T07:00:00+00:00 [queued]>
[2025-09-12T08:00:03.005+0000] {taskinstance.py:2306} INFO - Starting attempt 1 of 3
[2025-09-12T08:00:03.032+0000] {taskinstance.py:2330} INFO - Executing <Task(PythonOperator): check_system> on 2025-09-12 07:00:00+00:00
[2025-09-12T08:00:03.062+0000] {logging_mixin.py:188} WARNING - /home/***/.local/lib/python3.12/site-packages/***/task/task_runner/standard_task_runner.py:62 DeprecationWarning: This process (pid=3241) is multi-threaded, use of fork() may lead to deadlocks in the child.
[2025-09-12T08:00:03.070+0000] {standard_task_runner.py:64} INFO - Started process 3249 to run task
[2025-09-12T08:00:03.073+0000] {standard_task_runner.py:90} INFO - Running: ['***', 'tasks', 'run', 'simple_hourly_predictions', 'check_system', 'scheduled__2025-09-12T07:00:00+00:00', '--job-id', '68', '--raw', '--subdir', 'DAGS_FOLDER/prediction_dag.py', '--cfg-path', '/tmp/tmpq9f4t809']
[2025-09-12T08:00:03.079+0000] {standard_task_runner.py:91} INFO - Job 68: Subtask check_system
[2025-09-12T08:00:03.235+0000] {task_command.py:426} INFO - Running <TaskInstance: simple_hourly_predictions.check_system scheduled__2025-09-12T07:00:00+00:00 [running]> on host 2058836b81fe
[2025-09-12T08:00:03.378+0000] {taskinstance.py:2648} INFO - Exporting env vars: AIRFLOW_CTX_DAG_OWNER='ops-team' AIRFLOW_CTX_DAG_ID='simple_hourly_predictions' AIRFLOW_CTX_TASK_ID='check_system' AIRFLOW_CTX_EXECUTION_DATE='2025-09-12T07:00:00+00:00' AIRFLOW_CTX_TRY_NUMBER='1' AIRFLOW_CTX_DAG_RUN_ID='scheduled__2025-09-12T07:00:00+00:00'
[2025-09-12T08:00:03.380+0000] {taskinstance.py:430} INFO - ::endgroup::
[2025-09-12T08:00:03.401+0000] {logging_mixin.py:188} INFO - 🔍 Quick system check...
[2025-09-12T08:00:03.403+0000] {logging_mixin.py:188} INFO - ✅ Disk space OK: 924.5GB
[2025-09-12T08:00:03.420+0000] {logging_mixin.py:188} INFO - ⚠️ API not reachable
[2025-09-12T08:00:03.421+0000] {python.py:237} INFO - Done. Returned value was: system_checked
[2025-09-12T08:00:03.421+0000] {taskinstance.py:441} INFO - ::group::Post task execution logs
[2025-09-12T08:00:03.839+0000] {taskinstance.py:1206} INFO - Marking task as SUCCESS. dag_id=simple_hourly_predictions, task_id=check_system, run_id=scheduled__2025-09-12T07:00:00+00:00, execution_date=20250912T070000, start_date=20250912T080002, end_date=20250912T080003
[2025-09-12T08:00:03.898+0000] {local_task_job_runner.py:243} INFO - Task exited with return code 0
[2025-09-12T08:00:03.952+0000] {taskinstance.py:3503} INFO - 1 downstream tasks scheduled from follow-on schedule check
[2025-09-12T08:00:03.956+0000] {local_task_job_runner.py:222} INFO - ::endgroup::
